<?xml version="1.0" encoding="UTF-8"?>
<testsuite xmlns:xsi="http://www.w3.org/2001/XMLSchema-instance" xsi:noNamespaceSchemaLocation="https://maven.apache.org/surefire/maven-surefire-plugin/xsd/surefire-test-report-3.0.xsd" version="3.0" name="com.kumar.wipro.api.security.JwtTokenProviderTest" time="2.876" tests="6" errors="0" skipped="0" failures="0">
  <properties>
[...]
</properties>
  <testcase name="testValidateToken_InvalidToken" classname="com.kumar.wipro.api.security.JwtTokenProviderTest" time="0.022">
    <system-out><![CDATA[2025-07-27 12:37:42 [main] INFO  o.s.t.c.s.AnnotationConfigContextLoaderUtils - Could not detect default configuration classes for test class [com.kumar.wipro.api.security.JwtTokenProviderTest]: JwtTokenProviderTest does not declare any static, non-private, non-final, nested classes annotated with @Configuration.
2025-07-27 12:37:42 [main] INFO  o.s.b.t.c.SpringBootTestContextBootstrapper - Found @SpringBootConfiguration com.kumar.wipro.api.UserManagementApiApplication for test class com.kumar.wipro.api.security.JwtTokenProviderTest
2025-07-27 12:37:42 [main] INFO  o.s.b.d.r.RestartApplicationListener - Restart disabled due to context in which it is running
2025-07-27 12:37:43 [main] INFO  o.s.d.r.c.RepositoryConfigurationDelegate - Bootstrapping Spring Data JPA repositories in DEFAULT mode.
2025-07-27 12:37:43 [main] INFO  o.s.d.r.c.RepositoryConfigurationDelegate - Finished Spring Data repository scanning in 79 ms. Found 2 JPA repository interfaces.
2025-07-27 12:37:44 [main] INFO  o.s.o.j.p.SpringPersistenceUnitInfo - No LoadTimeWeaver setup: ignoring JPA class transformer
2025-07-27 12:37:44 [main] INFO  com.zaxxer.hikari.HikariDataSource - HikariPool-2 - Starting...
2025-07-27 12:37:44 [main] INFO  com.zaxxer.hikari.pool.HikariPool - HikariPool-2 - Added connection conn20: url=jdbc:h2:mem:testdb user=SA
2025-07-27 12:37:44 [main] INFO  com.zaxxer.hikari.HikariDataSource - HikariPool-2 - Start completed.
2025-07-27 12:37:44 [main] WARN  org.hibernate.orm.deprecation - HHH90000025: H2Dialect does not need to be specified explicitly using 'hibernate.dialect' (remove the property setting and it will be selected by default)
2025-07-27 12:37:44 [main] INFO  o.s.o.j.LocalContainerEntityManagerFactoryBean - Initialized JPA EntityManagerFactory for persistence unit 'default'
2025-07-27 12:37:44 [main] WARN  o.s.b.a.o.j.JpaBaseConfiguration$JpaWebConfiguration - spring.jpa.open-in-view is enabled by default. Therefore, database queries may be performed during view rendering. Explicitly configure spring.jpa.open-in-view to disable this warning
2025-07-27 12:37:45 [main] INFO  o.s.b.a.h.H2ConsoleAutoConfiguration - H2 console available at '/h2-console'. Database available at 'jdbc:h2:mem:testdb'
2025-07-27 12:37:45 [main] ERROR c.k.w.api.security.JwtTokenProvider - Invalid JWT token
]]></system-out>
  </testcase>
  <testcase name="testValidateToken_EmptyToken" classname="com.kumar.wipro.api.security.JwtTokenProviderTest" time="0.011">
    <system-out><![CDATA[2025-07-27 12:37:45 [main] ERROR c.k.w.api.security.JwtTokenProvider - JWT claims string is empty.
]]></system-out>
  </testcase>
  <testcase name="testGenerateToken" classname="com.kumar.wipro.api.security.JwtTokenProviderTest" time="0.02"/>
  <testcase name="testGetUserIdFromToken" classname="com.kumar.wipro.api.security.JwtTokenProviderTest" time="0.039"/>
  <testcase name="testValidateToken_ValidToken" classname="com.kumar.wipro.api.security.JwtTokenProviderTest" time="0.061"/>
  <testcase name="testValidateToken_NullToken" classname="com.kumar.wipro.api.security.JwtTokenProviderTest" time="0.01">
    <system-out><![CDATA[2025-07-27 12:37:45 [main] ERROR c.k.w.api.security.JwtTokenProvider - JWT claims string is empty.
]]></system-out>
  </testcase>
</testsuite>